<?xml version="1.0" encoding="UTF-8"?>
<!-- Generated by org.testng.reporters.JUnitReportReporter -->
<testsuite hostname="DESKTOP-N9O7TT9" name="homePage.Search" tests="1" failures="0" timestamp="13 May 2016 14:03:22 GMT" time="42.588" errors="0">
  <testcase name="test" time="42.588" classname="homePage.Search"/>
</testsuite> <!-- homePage.Search -->
